<?xml version="1.0" encoding="UTF-8"?>
<testsuite xmlns:xsi="http://www.w3.org/2001/XMLSchema-instance" xsi:noNamespaceSchemaLocation="https://maven.apache.org/surefire/maven-surefire-plugin/xsd/surefire-test-report-3.0.xsd" version="3.0" name="runner.RunnerTest" time="0.303" tests="5" errors="0" skipped="0" failures="0">
  <properties>
[...]
</properties>
  <testcase name="Pedido simples de item existente" classname="Pedidos na hamburgueria Peppa Lanches" time="0.123">
    <system-out><![CDATA[
@hamburgueria @feliz
Cenário: Pedido simples de item existente    &amp#27;[90m# features/pedidos.feature:16&amp#27;[0m
  &amp#27;[32mDado &amp#27;[0m&amp#27;[32mque o cardápio contém os itens:&amp#27;[0m       &amp#27;[90m# steps.PedidoSteps.que_o_cardapio_contem_os_itens(io.cucumber.datatable.DataTable)&amp#27;[0m
    | item         | preco |
    | x-bacon      | 25.00 |
    | x-salada     | 22.00 |
    | batata frita | 12.00 |
  &amp#27;[32mQuando &amp#27;[0m&amp#27;[32meu pedir &amp#27;[0m&amp#27;[32m&amp#27;[1m"x-bacon"&amp#27;[0m&amp#27;[32m com quantidade &amp#27;[0m&amp#27;[32m&amp#27;[1m2&amp#27;[0m &amp#27;[90m# steps.PedidoSteps.eu_pedir_com_quantidade(java.lang.String,java.lang.Integer)&amp#27;[0m
  &amp#27;[32mEntão &amp#27;[0m&amp#27;[32mo total do pedido deve ser &amp#27;[0m&amp#27;[32m&amp#27;[1m50.00&amp#27;[0m     &amp#27;[90m# steps.PedidoSteps.o_total_do_pedido_deve_ser(java.lang.Double)&amp#27;[0m
]]></system-out>
  </testcase>
  <testcase name="Pedido de item inexistente" classname="Pedidos na hamburgueria Peppa Lanches" time="0.011">
    <system-out><![CDATA[
@hamburgueria @inexistente
Cenário: Pedido de item inexistente                       &amp#27;[90m# features/pedidos.feature:21&amp#27;[0m
  &amp#27;[32mDado &amp#27;[0m&amp#27;[32mque o cardápio contém os itens:&amp#27;[0m                    &amp#27;[90m# steps.PedidoSteps.que_o_cardapio_contem_os_itens(io.cucumber.datatable.DataTable)&amp#27;[0m
    | item         | preco |
    | x-bacon      | 25.00 |
    | x-salada     | 22.00 |
    | batata frita | 12.00 |
  &amp#27;[32mQuando &amp#27;[0m&amp#27;[32meu pedir &amp#27;[0m&amp#27;[32m&amp#27;[1m"milk-shake"&amp#27;[0m&amp#27;[32m com quantidade &amp#27;[0m&amp#27;[32m&amp#27;[1m1&amp#27;[0m           &amp#27;[90m# steps.PedidoSteps.eu_pedir_com_quantidade(java.lang.String,java.lang.Integer)&amp#27;[0m
  &amp#27;[32mEntão &amp#27;[0m&amp#27;[32mdeve ocorrer erro &amp#27;[0m&amp#27;[32m&amp#27;[1m"Item indisponível no cardápio"&amp#27;[0m &amp#27;[90m# steps.PedidoSteps.deve_ocorrer_erro(java.lang.String)&amp#27;[0m
]]></system-out>
  </testcase>
  <testcase name="Pedido com quantidade inválida" classname="Pedidos na hamburgueria Peppa Lanches" time="0.01">
    <system-out><![CDATA[
@hamburgueria @quantidade
Cenário: Pedido com quantidade inválida         &amp#27;[90m# features/pedidos.feature:26&amp#27;[0m
  &amp#27;[32mDado &amp#27;[0m&amp#27;[32mque o cardápio contém os itens:&amp#27;[0m          &amp#27;[90m# steps.PedidoSteps.que_o_cardapio_contem_os_itens(io.cucumber.datatable.DataTable)&amp#27;[0m
    | item         | preco |
    | x-bacon      | 25.00 |
    | x-salada     | 22.00 |
    | batata frita | 12.00 |
  &amp#27;[32mQuando &amp#27;[0m&amp#27;[32meu pedir &amp#27;[0m&amp#27;[32m&amp#27;[1m"x-salada"&amp#27;[0m&amp#27;[32m com quantidade &amp#27;[0m&amp#27;[32m&amp#27;[1m0&amp#27;[0m   &amp#27;[90m# steps.PedidoSteps.eu_pedir_com_quantidade(java.lang.String,java.lang.Integer)&amp#27;[0m
  &amp#27;[32mEntão &amp#27;[0m&amp#27;[32mdeve ocorrer erro &amp#27;[0m&amp#27;[32m&amp#27;[1m"Quantidade inválida"&amp#27;[0m &amp#27;[90m# steps.PedidoSteps.deve_ocorrer_erro(java.lang.String)&amp#27;[0m
]]></system-out>
  </testcase>
  <testcase name="Pedido com desconto de 10 por cento" classname="Pedidos na hamburgueria Peppa Lanches" time="0.021">
    <system-out><![CDATA[
@hamburgueria @desconto
Cenário: Pedido com desconto de 10 por cento                                   &amp#27;[90m# features/pedidos.feature:31&amp#27;[0m
  &amp#27;[32mDado &amp#27;[0m&amp#27;[32mque o cardápio contém os itens:&amp#27;[0m                                         &amp#27;[90m# steps.PedidoSteps.que_o_cardapio_contem_os_itens(io.cucumber.datatable.DataTable)&amp#27;[0m
    | item         | preco |
    | x-bacon      | 25.00 |
    | x-salada     | 22.00 |
    | batata frita | 12.00 |
  &amp#27;[32mQuando &amp#27;[0m&amp#27;[32meu pedir &amp#27;[0m&amp#27;[32m&amp#27;[1m"batata frita"&amp#27;[0m&amp#27;[32m com quantidade &amp#27;[0m&amp#27;[32m&amp#27;[1m3&amp#27;[0m&amp#27;[32m com desconto de &amp#27;[0m&amp#27;[32m&amp#27;[1m10&amp#27;[0m&amp#27;[32m por cento&amp#27;[0m &amp#27;[90m# steps.PedidoSteps.eu_pedir_com_quantidade_com_desconto(java.lang.String,java.lang.Integer,java.lang.Integer)&amp#27;[0m
  &amp#27;[32mEntão &amp#27;[0m&amp#27;[32mo total do pedido deve ser &amp#27;[0m&amp#27;[32m&amp#27;[1m32.40&amp#27;[0m                                       &amp#27;[90m# steps.PedidoSteps.o_total_do_pedido_deve_ser(java.lang.Double)&amp#27;[0m
]]></system-out>
  </testcase>
  <testcase name="Calcular tempo estimado de preparo" classname="Pedidos na hamburgueria Peppa Lanches" time="0.009">
    <system-out><![CDATA[
@hamburgueria @sla
Cenário: Calcular tempo estimado de preparo        &amp#27;[90m# features/pedidos.feature:36&amp#27;[0m
  &amp#27;[32mDado &amp#27;[0m&amp#27;[32mque o cardápio contém os itens:&amp#27;[0m             &amp#27;[90m# steps.PedidoSteps.que_o_cardapio_contem_os_itens(io.cucumber.datatable.DataTable)&amp#27;[0m
    | item         | preco |
    | x-bacon      | 25.00 |
    | x-salada     | 22.00 |
    | batata frita | 12.00 |
  &amp#27;[32mQuando &amp#27;[0m&amp#27;[32meu pedir &amp#27;[0m&amp#27;[32m&amp#27;[1m"x-bacon"&amp#27;[0m&amp#27;[32m com quantidade total &amp#27;[0m&amp#27;[32m&amp#27;[1m4&amp#27;[0m &amp#27;[90m# steps.PedidoSteps.eu_pedir_com_quantidade_total(java.lang.String,java.lang.Integer)&amp#27;[0m
  &amp#27;[32mEntão &amp#27;[0m&amp#27;[32mo tempo estimado deve ser &amp#27;[0m&amp#27;[32m&amp#27;[1m16&amp#27;[0m               &amp#27;[90m# steps.PedidoSteps.o_tempo_estimado_deve_ser(java.lang.Integer)&amp#27;[0m
]]></system-out>
  </testcase>
</testsuite>